<?xml version="1.0" encoding="UTF-8"?>
<testsuite xmlns:xsi="http://www.w3.org/2001/XMLSchema-instance" xsi:noNamespaceSchemaLocation="https://maven.apache.org/surefire/maven-surefire-plugin/xsd/surefire-test-report.xsd" name="org.mybatis.jpetstore.service.CatalogServiceTest" time="0.159" tests="1" errors="0" skipped="0" failures="0">
  <properties>
    <property name="java.vendor" value="Oracle Corporation"/>
    <property name="JOB_NAME" value="jpetstore"/>
    <property name="PWD" value="/"/>
    <property name="sun.java.launcher" value="SUN_STANDARD"/>
    <property name="sun.management.compiler" value="HotSpot 64-Bit Tiered Compilers"/>
    <property name="JENKINS_HOME" value="/var/lib/jenkins"/>
    <property name="PATH" value="/sbin:/usr/sbin:/bin:/usr/bin"/>
    <property name="HUDSON_SERVER_COOKIE" value="27d903e7f38a0188"/>
    <property name="POM_ARTIFACTID" value="jpetstore"/>
    <property name="os.name" value="Linux"/>
    <property name="sun.boot.class.path" value="/usr/java/jdk1.8.0_131/jre/lib/resources.jar:/usr/java/jdk1.8.0_131/jre/lib/rt.jar:/usr/java/jdk1.8.0_131/jre/lib/sunrsasign.jar:/usr/java/jdk1.8.0_131/jre/lib/jsse.jar:/usr/java/jdk1.8.0_131/jre/lib/jce.jar:/usr/java/jdk1.8.0_131/jre/lib/charsets.jar:/usr/java/jdk1.8.0_131/jre/lib/jfr.jar:/usr/java/jdk1.8.0_131/jre/classes"/>
    <property name="EXECUTOR_NUMBER" value="1"/>
    <property name="java.vm.specification.vendor" value="Oracle Corporation"/>
    <property name="POM_DISPLAYNAME" value="JPetStore Demo 6"/>
    <property name="NODE_LABELS" value="master"/>
    <property name="java.runtime.version" value="1.8.0_131-b11"/>
    <property name="ROOT_BUILD_CAUSE" value="SCMTRIGGER"/>
    <property name="ROOT_BUILD_CAUSE_SCMTRIGGER" value="true"/>
    <property name="GIT_COMMITTER_EMAIL" value="shrey_s@hcl.com"/>
    <property name="user.name" value="jenkins"/>
    <property name="guice.disable.misplaced.annotation.check" value="true"/>
    <property name="BUILD_TIMESTAMP" value="2017-09-12 16:37:08 IST"/>
    <property name="BUILD_CAUSE_SCMTRIGGER" value="true"/>
    <property name="user.language" value="en"/>
    <property name="JOB_BASE_NAME" value="jpetstore"/>
    <property name="RUN_CHANGES_DISPLAY_URL" value="http://10.1.23.186:8080/job/jpetstore/30/display/redirect?page=changes"/>
    <property name="BUILD_DISPLAY_NAME" value="#30"/>
    <property name="sun.boot.library.path" value="/usr/java/jdk1.8.0_131/jre/lib/amd64"/>
    <property name="GIT_PREVIOUS_SUCCESSFUL_COMMIT" value="65be9c33734e72fec0f1a8d3fd5afa321c28ab96"/>
    <property name="java.version" value="1.8.0_131"/>
    <property name="user.timezone" value="Asia/Kolkata"/>
    <property name="GIT_AUTHOR_NAME" value="shreys-s"/>
    <property name="sun.arch.data.model" value="64"/>
    <property name="NODE_NAME" value="master"/>
    <property name="NLSPATH" value="/usr/dt/lib/nls/msg/%L/%N.cat"/>
    <property name="java.endorsed.dirs" value="/usr/java/jdk1.8.0_131/jre/lib/endorsed"/>
    <property name="BUILD_ID" value="30"/>
    <property name="sun.cpu.isalist" value=""/>
    <property name="sun.jnu.encoding" value="UTF-8"/>
    <property name="file.encoding.pkg" value="sun.io"/>
    <property name="SHELL" value="/bin/bash"/>
    <property name="file.separator" value="/"/>
    <property name="java.specification.name" value="Java Platform API Specification"/>
    <property name="maven.conf" value="/opt/maven/conf"/>
    <property name="java.class.version" value="52.0"/>
    <property name="org.slf4j.simpleLogger.defaultLogLevel" value="info"/>
    <property name="user.country" value="US"/>
    <property name="securerandom.source" value="file:/dev/./urandom"/>
    <property name="java.home" value="/usr/java/jdk1.8.0_131/jre"/>
    <property name="java.vm.info" value="mixed mode"/>
    <property name="os.version" value="3.10.0-514.26.2.el7.x86_64"/>
    <property name="RUN_DISPLAY_URL" value="http://10.1.23.186:8080/job/jpetstore/30/display/redirect"/>
    <property name="POM_VERSION" value="6.0.3-SNAPSHOT"/>
    <property name="sun.font.fontmanager" value="sun.awt.X11FontManager"/>
    <property name="path.separator" value=":"/>
    <property name="java.vm.version" value="25.131-b11"/>
    <property name="GIT_PREVIOUS_COMMIT" value="324290ce0060b3af16cf14c276530668ee467977"/>
    <property name="JOB_DISPLAY_URL" value="http://10.1.23.186:8080/job/jpetstore/display/redirect"/>
    <property name="SHLVL" value="2"/>
    <property name="_" value="/etc/alternatives/java"/>
    <property name="java.awt.printerjob" value="sun.print.PSPrinterJob"/>
    <property name="JAVA_HOME" value="/usr/java/jdk1.8.0_131"/>
    <property name="sun.io.unicode.encoding" value="UnicodeLittle"/>
    <property name="awt.toolkit" value="sun.awt.X11.XToolkit"/>
    <property name="LOGNAME" value="jenkins"/>
    <property name="POM_PACKAGING" value="war"/>
    <property name="HOME" value="/var/lib/jenkins"/>
    <property name="POM_GROUPID" value="org.mybatis"/>
    <property name="user.home" value="/var/lib/jenkins"/>
    <property name="GIT_COMMITTER_NAME" value="shreys-s"/>
    <property name="BUILD_TAG" value="jenkins-jpetstore-30"/>
    <property name="JENKINS_SERVER_COOKIE" value="27d903e7f38a0188"/>
    <property name="HUDSON_URL" value="http://10.1.23.186:8080/"/>
    <property name="java.specification.vendor" value="Oracle Corporation"/>
    <property name="CLASSPATH" value=""/>
    <property name="java.vendor.url" value="http://java.oracle.com/"/>
    <property name="java.library.path" value="/usr/java/packages/lib/amd64:/usr/lib64:/lib64:/lib:/usr/lib"/>
    <property name="java.vm.vendor" value="Oracle Corporation"/>
    <property name="java.runtime.name" value="Java(TM) SE Runtime Environment"/>
    <property name="maven.home" value="/opt/maven"/>
    <property name="java.class.path" value="/var/lib/jenkins/plugins/maven-plugin/WEB-INF/lib/maven35-agent-1.11.jar:/opt/maven/boot/plexus-classworlds-2.5.2.jar:/opt/maven/conf/logging"/>
    <property name="sun.java.command" value="jenkins.maven3.agent.Maven35Main /opt/maven /var/cache/jenkins/war/WEB-INF/lib/remoting-3.7.jar /var/lib/jenkins/plugins/maven-plugin/WEB-INF/lib/maven35-interceptor-1.11.jar /var/lib/jenkins/plugins/maven-plugin/WEB-INF/lib/maven3-interceptor-commons-1.11.jar 46071"/>
    <property name="java.vm.specification.name" value="Java Virtual Machine Specification"/>
    <property name="PATH+JDK" value="/usr/java/jdk1.8.0_131/bin"/>
    <property name="java.vm.specification.version" value="1.8"/>
    <property name="sun.os.patch.level" value="unknown"/>
    <property name="sun.cpu.endian" value="little"/>
    <property name="M2_HOME" value="/opt/maven"/>
    <property name="java.io.tmpdir" value="/tmp"/>
    <property name="HUDSON_HOME" value="/var/lib/jenkins"/>
    <property name="PATH+MAVEN" value="/opt/maven/bin"/>
    <property name="BUILD_URL" value="http://10.1.23.186:8080/job/jpetstore/30/"/>
    <property name="java.vendor.url.bug" value="http://bugreport.sun.com/bugreport/"/>
    <property name="java.awt.graphicsenv" value="sun.awt.X11GraphicsEnvironment"/>
    <property name="os.arch" value="amd64"/>
    <property name="java.ext.dirs" value="/usr/java/jdk1.8.0_131/jre/lib/ext:/usr/java/packages/lib/ext"/>
    <property name="user.dir" value="/var/lib/jenkins/workspace/jpetstore"/>
    <property name="JOB_URL" value="http://10.1.23.186:8080/job/jpetstore/"/>
    <property name="line.separator" value="&#10;"/>
    <property name="MAVEN_HOME" value="/opt/maven"/>
    <property name="java.vm.name" value="Java HotSpot(TM) 64-Bit Server VM"/>
    <property name="BUILD_NUMBER" value="30"/>
    <property name="JENKINS_URL" value="http://10.1.23.186:8080/"/>
    <property name="GIT_BRANCH" value="origin/master"/>
    <property name="GIT_COMMIT" value="11404037c1660c464d1f2fa1126a5c3a3a247e21"/>
    <property name="file.encoding" value="UTF-8"/>
    <property name="LANG" value="en_US.UTF-8"/>
    <property name="maven3.interceptor" value="/var/lib/jenkins/plugins/maven-plugin/WEB-INF/lib/maven35-interceptor-1.11.jar"/>
    <property name="WORKSPACE" value="/var/lib/jenkins/workspace/jpetstore"/>
    <property name="maven3.interceptor.common" value="/var/lib/jenkins/plugins/maven-plugin/WEB-INF/lib/maven3-interceptor-commons-1.11.jar"/>
    <property name="GIT_AUTHOR_EMAIL" value="shrey_s@hcl.com"/>
    <property name="GEM_PATH" value="file:/var/lib/jenkins/plugins/ruby-runtime/WEB-INF/lib/stapler-jruby-1.209.jar!/gem"/>
    <property name="java.specification.version" value="1.8"/>
    <property name="BUILD_CAUSE" value="SCMTRIGGER"/>
    <property name="USER" value="jenkins"/>
    <property name="GIT_URL" value="https://github.com/shreys-s/jpetstore-6"/>
    <property name="XFILESEARCHPATH" value="/usr/dt/app-defaults/%L/Dt"/>
  </properties>
  <testcase name="shouldCallTheSearchMapperTwice" classname="org.mybatis.jpetstore.service.CatalogServiceTest" time="0"/>
</testsuite>